<?xml version="1.0" encoding="UTF-8"?>
<testsuite name="ru.stqa.pft.sandbox.DistanceTests" tests="3" skipped="0" failures="0" errors="0" timestamp="2021-07-07T13:33:22" hostname="DESKTOP-9PR791T" time="0.022">
  <properties/>
  <testcase name="testDistance" classname="ru.stqa.pft.sandbox.DistanceTests" time="0.009"/>
  <testcase name="testDistanceWithRound" classname="ru.stqa.pft.sandbox.DistanceTests" time="0.0"/>
  <testcase name="testDistanceWithoutRound" classname="ru.stqa.pft.sandbox.DistanceTests" time="0.0"/>
  <system-out><![CDATA[]]></system-out>
  <system-err><![CDATA[]]></system-err>
</testsuite>
