<?xml version="1.0" encoding="UTF-8"?>
<testsuite name="ru.stqa.pft.sandbox.SquareTests" tests="1" skipped="0" failures="0" errors="0" timestamp="2021-07-08T12:35:27" hostname="DESKTOP-9PR791T" time="0.006">
  <properties/>
  <testcase name="testArea" classname="ru.stqa.pft.sandbox.SquareTests" time="0.006"/>
  <system-out><![CDATA[]]></system-out>
  <system-err><![CDATA[]]></system-err>
</testsuite>
