<?xml version="1.0" encoding="UTF-8"?>
<testsuite name="ru.stqa.ptf.addressbook.test.GroupCreationTests" tests="2" skipped="0" failures="0" errors="0" timestamp="2021-08-17T13:35:56" hostname="DESKTOP-9PR791T" time="9.095">
  <properties/>
  <testcase name="testBadGroupCreation" classname="ru.stqa.ptf.addressbook.test.GroupCreationTests" time="4.43"/>
  <testcase name="testGroupCreation[0](GroupData{id=2147483647, name='test 0'})" classname="ru.stqa.ptf.addressbook.test.GroupCreationTests" time="4.395"/>
  <system-out><![CDATA[]]></system-out>
  <system-err><![CDATA[]]></system-err>
</testsuite>
