<?xml version="1.0" encoding="UTF-8"?>
<testsuite name="ru.stqa.ptf.addressbook.test.ContactCreationTests" tests="1" skipped="0" failures="0" errors="0" timestamp="2021-08-16T18:50:23" hostname="DESKTOP-9PR791T" time="14.731">
  <properties/>
  <testcase name="testContactCreation" classname="ru.stqa.ptf.addressbook.test.ContactCreationTests" time="14.731"/>
  <system-out><![CDATA[]]></system-out>
  <system-err><![CDATA[]]></system-err>
</testsuite>
