<?xml version="1.0" encoding="UTF-8"?>
<testsuite name="ru.stqa.ptf.addressbook.test.GroupCreationTests" tests="1" skipped="0" failures="0" errors="0" timestamp="2021-07-15T07:57:06" hostname="DESKTOP-9PR791T" time="2.761">
  <properties/>
  <testcase name="testGroupCreation" classname="ru.stqa.ptf.addressbook.test.GroupCreationTests" time="2.761"/>
  <system-out><![CDATA[]]></system-out>
  <system-err><![CDATA[SLF4J: Failed to load class "org.slf4j.impl.StaticLoggerBinder".
SLF4J: Defaulting to no-operation (NOP) logger implementation
SLF4J: See http://www.slf4j.org/codes.html#StaticLoggerBinder for further details.
1626335820853	geckodriver	INFO	Listening on 127.0.0.1:13823
1626335821226	mozrunner::runner	INFO	Running command: "C:\\Program Files\\Mozilla Firefox\\firefox.exe" "--marionette" "--remote-debugging-port" "0" "-foreground" "-no-remote" "-profile" "C:\\Users\\vakri\\AppData\\Local\\Temp\\rust_mozprofilex0xFx5"
1626335822028	Marionette	INFO	Marionette enabled
console.warn: SearchSettings: "get: No settings file exists, new profile?" (new NotFoundError("Could not open the file at C:\\Users\\vakri\\AppData\\Local\\Temp\\rust_mozprofilex0xFx5\\search.json.mozlz4", (void 0)))
DevTools listening on ws://localhost:63528/devtools/browser/6e9c3e2e-ba89-4f19-a027-2143d20e40fc
1626335825525	Marionette	INFO	Listening on port 63509
1626335825594	Marionette	WARN	TLS certificate errors will be ignored for this session
июл. 15, 2021 10:57:05 AM org.openqa.selenium.remote.ProtocolHandshake createSession
INFO: Detected dialect: W3C
1626335829547	Marionette	INFO	Stopped listening on port 63509
!!! error running onStopped callback: TypeError: callback is not a function

###!!! [Child][RunMessage] Error: Channel closing: too late to send/recv, messages will be lost

1626335830348	RemoteAgent	ERROR	unable to stop listener: [Exception... "Component returned failure code: 0x8000ffff (NS_ERROR_UNEXPECTED) [nsIWindowMediator.getEnumerator]"  nsresult: "0x8000ffff (NS_ERROR_UNEXPECTED)"  location: "JS frame :: chrome://remote/content/cdp/observers/TargetObserver.jsm :: stop :: line 64"  data: no] Stack trace: stop()@TargetObserver.jsm:64
unwatchForTabs()@TargetList.jsm:70
unwatchForTargets()@TargetList.jsm:37
destructor()@TargetList.jsm:109
close()@RemoteAgent.jsm:136
]]></system-err>
</testsuite>
