<?xml version="1.0" encoding="UTF-8"?>
<testsuite name="ru.stqa.ptf.addressbook.test.GroupDeletionsTests" tests="1" skipped="0" failures="0" errors="0" timestamp="2021-07-15T11:13:19" hostname="DESKTOP-9PR791T" time="0.867">
  <properties/>
  <testcase name="testGroupDeletions" classname="ru.stqa.ptf.addressbook.test.GroupDeletionsTests" time="0.867"/>
  <system-out><![CDATA[]]></system-out>
  <system-err><![CDATA[SLF4J: Failed to load class "org.slf4j.impl.StaticLoggerBinder".
SLF4J: Defaulting to no-operation (NOP) logger implementation
SLF4J: See http://www.slf4j.org/codes.html#StaticLoggerBinder for further details.
1626347593118	geckodriver	INFO	Listening on 127.0.0.1:38316
1626347593501	mozrunner::runner	INFO	Running command: "C:\\Program Files\\Mozilla Firefox\\firefox.exe" "--marionette" "--remote-debugging-port" "0" "-foreground" "-no-remote" "-profile" "C:\\Users\\vakri\\AppData\\Local\\Temp\\rust_mozprofileBztEIu"
1626347594152	Marionette	INFO	Marionette enabled
console.warn: SearchSettings: "get: No settings file exists, new profile?" (new NotFoundError("Could not open the file at C:\\Users\\vakri\\AppData\\Local\\Temp\\rust_mozprofileBztEIu\\search.json.mozlz4", (void 0)))
DevTools listening on ws://localhost:56534/devtools/browser/3ec6a23d-adb1-48de-9734-c497a5ec05ea
1626347597304	Marionette	INFO	Listening on port 62039
1626347597728	Marionette	WARN	TLS certificate errors will be ignored for this session
июл. 15, 2021 2:13:17 PM org.openqa.selenium.remote.ProtocolHandshake createSession
INFO: Detected dialect: W3C
1626347600061	Marionette	INFO	Stopped listening on port 62039
!!! error running onStopped callback: TypeError: callback is not a function

###!!! [Child][RunMessage] Error: Channel closing: too late to send/recv, messages will be lost

1626347600822	RemoteAgent	ERROR	unable to stop listener: [Exception... "Component returned failure code: 0x8000ffff (NS_ERROR_UNEXPECTED) [nsIWindowMediator.getEnumerator]"  nsresult: "0x8000ffff (NS_ERROR_UNEXPECTED)"  location: "JS frame :: chrome://remote/content/cdp/observers/TargetObserver.jsm :: stop :: line 64"  data: no] Stack trace: stop()@TargetObserver.jsm:64
unwatchForTabs()@TargetList.jsm:70
unwatchForTargets()@TargetList.jsm:37
destructor()@TargetList.jsm:109
close()@RemoteAgent.jsm:136
]]></system-err>
</testsuite>
