<?xml version="1.0" encoding="UTF-8"?>
<testsuite name="ru.stqa.ptf.addressbook.test.GroupDeletionsTests" tests="1" skipped="0" failures="0" errors="0" timestamp="2021-07-14T21:46:28" hostname="DESKTOP-9PR791T" time="1.759">
  <properties/>
  <testcase name="testGroupDeletions" classname="ru.stqa.ptf.addressbook.test.GroupDeletionsTests" time="1.759"/>
  <system-out><![CDATA[]]></system-out>
  <system-err><![CDATA[SLF4J: Failed to load class "org.slf4j.impl.StaticLoggerBinder".
SLF4J: Defaulting to no-operation (NOP) logger implementation
SLF4J: See http://www.slf4j.org/codes.html#StaticLoggerBinder for further details.
1626299180939	geckodriver	INFO	Listening on 127.0.0.1:30639
1626299181481	mozrunner::runner	INFO	Running command: "C:\\Program Files\\Mozilla Firefox\\firefox.exe" "--marionette" "--remote-debugging-port" "0" "-foreground" "-no-remote" "-profile" "C:\\Users\\vakri\\AppData\\Local\\Temp\\rust_mozprofile9ju6TS"
1626299182378	Marionette	INFO	Marionette enabled
console.warn: SearchSettings: "get: No settings file exists, new profile?" (new NotFoundError("Could not open the file at C:\\Users\\vakri\\AppData\\Local\\Temp\\rust_mozprofile9ju6TS\\search.json.mozlz4", (void 0)))
DevTools listening on ws://localhost:61267/devtools/browser/d317b343-39a6-4774-97fa-1760f4c6d982
1626299186419	Marionette	INFO	Listening on port 60334
1626299186810	Marionette	WARN	TLS certificate errors will be ignored for this session
июл. 15, 2021 12:46:27 AM org.openqa.selenium.remote.ProtocolHandshake createSession
INFO: Detected dialect: W3C
1626299190227	Marionette	INFO	Stopped listening on port 60334
!!! error running onStopped callback: TypeError: callback is not a function

###!!! [Child][RunMessage] Error: Channel closing: too late to send/recv, messages will be lost

1626299191052	RemoteAgent	ERROR	unable to stop listener: [Exception... "Component returned failure code: 0x8000ffff (NS_ERROR_UNEXPECTED) [nsIWindowMediator.getEnumerator]"  nsresult: "0x8000ffff (NS_ERROR_UNEXPECTED)"  location: "JS frame :: chrome://remote/content/cdp/observers/TargetObserver.jsm :: stop :: line 64"  data: no] Stack trace: stop()@TargetObserver.jsm:64
unwatchForTabs()@TargetList.jsm:70
unwatchForTargets()@TargetList.jsm:37
destructor()@TargetList.jsm:109
close()@RemoteAgent.jsm:136
]]></system-err>
</testsuite>
