<?xml version="1.0" encoding="UTF-8"?>
<testsuite name="ru.stqa.ptf.addressbook.test.ContactCreationTests" tests="1" skipped="0" failures="0" errors="0" timestamp="2021-08-02T11:10:51" hostname="DESKTOP-9PR791T" time="7.795">
  <properties/>
  <testcase name="testContactCreation" classname="ru.stqa.ptf.addressbook.test.ContactCreationTests" time="7.795"/>
  <system-out><![CDATA[]]></system-out>
  <system-err><![CDATA[]]></system-err>
</testsuite>
