<?xml version="1.0" encoding="UTF-8"?>
<testsuite name="ru.stqa.ptf.addressbook.test.ContactEmailTests" tests="1" skipped="0" failures="0" errors="0" timestamp="2021-08-06T17:08:52" hostname="DESKTOP-9PR791T" time="0.998">
  <properties/>
  <testcase name="testContactEmail" classname="ru.stqa.ptf.addressbook.test.ContactEmailTests" time="0.998"/>
  <system-out><![CDATA[]]></system-out>
  <system-err><![CDATA[]]></system-err>
</testsuite>
