<?xml version="1.0" encoding="UTF-8"?>
<testsuite name="ru.stqa.ptf.addressbook.test.GroupModificationTests" tests="1" skipped="0" failures="0" errors="0" timestamp="2021-07-31T16:07:58" hostname="DESKTOP-9PR791T" time="1.44">
  <properties/>
  <testcase name="testGroupModification" classname="ru.stqa.ptf.addressbook.test.GroupModificationTests" time="1.44"/>
  <system-out><![CDATA[]]></system-out>
  <system-err><![CDATA[]]></system-err>
</testsuite>
