<?xml version="1.0" encoding="UTF-8"?>
<testsuite name="ru.stqa.ptf.addressbook.test.ContactModificationTests" tests="1" skipped="0" failures="0" errors="0" timestamp="2021-08-03T17:43:09" hostname="DESKTOP-9PR791T" time="10.148">
  <properties/>
  <testcase name="testContactModification" classname="ru.stqa.ptf.addressbook.test.ContactModificationTests" time="10.148"/>
  <system-out><![CDATA[]]></system-out>
  <system-err><![CDATA[]]></system-err>
</testsuite>
