<?xml version="1.0" encoding="UTF-8"?>
<testsuite name="ru.stqa.ptf.addressbook.test.GroupCreationTests" tests="2" skipped="0" failures="0" errors="0" timestamp="2021-08-17T09:05:43" hostname="DESKTOP-9PR791T" time="23.432">
  <properties/>
  <testcase name="testBadGroupCreation" classname="ru.stqa.ptf.addressbook.test.GroupCreationTests" time="15.165"/>
  <testcase name="testGroupCreation[0](GroupData{id=2147483647, name='test 0'})" classname="ru.stqa.ptf.addressbook.test.GroupCreationTests" time="8.038"/>
  <system-out><![CDATA[]]></system-out>
  <system-err><![CDATA[]]></system-err>
</testsuite>
