<?xml version="1.0" encoding="UTF-8"?>
<testsuite name="ru.stqa.ptf.addressbook.test.GroupCreationTests" tests="1" skipped="0" failures="0" errors="0" timestamp="2021-07-31T16:07:56" hostname="DESKTOP-9PR791T" time="1.185">
  <properties/>
  <testcase name="testGroupCreation" classname="ru.stqa.ptf.addressbook.test.GroupCreationTests" time="1.185"/>
  <system-out><![CDATA[]]></system-out>
  <system-err><![CDATA[]]></system-err>
</testsuite>
