<?xml version="1.0" encoding="UTF-8"?>
<testsuite name="ru.stqa.ptf.addressbook.test.ContactCreationTests" tests="4" skipped="0" failures="0" errors="0" timestamp="2021-08-17T00:13:30" hostname="DESKTOP-9PR791T" time="84.464">
  <properties/>
  <testcase name="testContactCreation[0](ru.stqa.ptf.addressbook.model.ContactData@6b2e981e)" classname="ru.stqa.ptf.addressbook.test.ContactCreationTests" time="26.007"/>
  <testcase name="testContactCreation[1](ru.stqa.ptf.addressbook.model.ContactData@6b2e9bfe)" classname="ru.stqa.ptf.addressbook.test.ContactCreationTests" time="19.293"/>
  <testcase name="testContactCreation[2](ru.stqa.ptf.addressbook.model.ContactData@6b2e9fde)" classname="ru.stqa.ptf.addressbook.test.ContactCreationTests" time="19.182"/>
  <testcase name="testContactCreation[3](ru.stqa.ptf.addressbook.model.ContactData@6b2ea3be)" classname="ru.stqa.ptf.addressbook.test.ContactCreationTests" time="19.974"/>
  <system-out><![CDATA[]]></system-out>
  <system-err><![CDATA[Security framework of XStream not explicitly initialized, using predefined black list on your own risk.
]]></system-err>
</testsuite>
