<?xml version="1.0" encoding="UTF-8"?>
<testsuite name="ru.stqa.ptf.addressbook.test.ContactPhoneTests" tests="1" skipped="0" failures="0" errors="0" timestamp="2021-08-04T18:56:26" hostname="DESKTOP-9PR791T" time="0.914">
  <properties/>
  <testcase name="testContactPhones" classname="ru.stqa.ptf.addressbook.test.ContactPhoneTests" time="0.914"/>
  <system-out><![CDATA[]]></system-out>
  <system-err><![CDATA[]]></system-err>
</testsuite>
